2023-09-04 20:11:08 [scrapy.extensions.telnet] INFO: Telnet Password: 856adaeb353d9867
2023-09-04 20:11:08 [scrapy.middleware] INFO: Enabled extensions:
['scrapy.extensions.corestats.CoreStats',
 'scrapy.extensions.telnet.TelnetConsole',
 'scrapy.extensions.feedexport.FeedExporter',
 'scrapy.extensions.logstats.LogStats']
2023-09-04 20:11:08 [scrapy.middleware] INFO: Enabled downloader middlewares:
['scrapy.downloadermiddlewares.robotstxt.RobotsTxtMiddleware',
 'scrapy.downloadermiddlewares.httpauth.HttpAuthMiddleware',
 'scrapy.downloadermiddlewares.downloadtimeout.DownloadTimeoutMiddleware',
 'scrapy.downloadermiddlewares.defaultheaders.DefaultHeadersMiddleware',
 'scrapy.downloadermiddlewares.useragent.UserAgentMiddleware',
 'scrapy.downloadermiddlewares.retry.RetryMiddleware',
 'scrapy.downloadermiddlewares.redirect.MetaRefreshMiddleware',
 'scrapy.downloadermiddlewares.httpcompression.HttpCompressionMiddleware',
 'scrapy.downloadermiddlewares.redirect.RedirectMiddleware',
 'scrapy.downloadermiddlewares.cookies.CookiesMiddleware',
 'scrapy.downloadermiddlewares.httpproxy.HttpProxyMiddleware',
 'scrapy.downloadermiddlewares.stats.DownloaderStats']
2023-09-04 20:11:08 [scrapy.middleware] INFO: Enabled spider middlewares:
['scrapy.spidermiddlewares.httperror.HttpErrorMiddleware',
 'scrapy.spidermiddlewares.offsite.OffsiteMiddleware',
 'scrapy.spidermiddlewares.referer.RefererMiddleware',
 'scrapy.spidermiddlewares.urllength.UrlLengthMiddleware',
 'scrapy.spidermiddlewares.depth.DepthMiddleware']
2023-09-04 20:11:08 [scrapy.middleware] INFO: Enabled item pipelines:
[]
2023-09-04 20:11:08 [scrapy.core.engine] INFO: Spider opened
2023-09-04 20:11:08 [scrapy.extensions.logstats] INFO: Crawled 0 pages (at 0 pages/min), scraped 0 items (at 0 items/min)
2023-09-04 20:11:08 [scrapy.extensions.telnet] INFO: Telnet console listening on 127.0.0.1:6023
2023-09-04 20:12:08 [scrapy.extensions.logstats] INFO: Crawled 44 pages (at 44 pages/min), scraped 794 items (at 794 items/min)
2023-09-04 20:13:08 [scrapy.extensions.logstats] INFO: Crawled 81 pages (at 37 pages/min), scraped 1582 items (at 788 items/min)
2023-09-04 20:14:08 [scrapy.extensions.logstats] INFO: Crawled 106 pages (at 25 pages/min), scraped 2110 items (at 528 items/min)
2023-09-04 20:15:08 [scrapy.extensions.logstats] INFO: Crawled 143 pages (at 37 pages/min), scraped 2924 items (at 814 items/min)
2023-09-04 20:16:08 [scrapy.extensions.logstats] INFO: Crawled 177 pages (at 34 pages/min), scraped 3672 items (at 748 items/min)
2023-09-04 20:17:08 [scrapy.extensions.logstats] INFO: Crawled 214 pages (at 37 pages/min), scraped 4486 items (at 814 items/min)
2023-09-04 20:18:08 [scrapy.extensions.logstats] INFO: Crawled 248 pages (at 34 pages/min), scraped 5219 items (at 733 items/min)
2023-09-04 20:19:08 [scrapy.extensions.logstats] INFO: Crawled 283 pages (at 35 pages/min), scraped 5967 items (at 748 items/min)
2023-09-04 20:20:08 [scrapy.extensions.logstats] INFO: Crawled 323 pages (at 40 pages/min), scraped 6847 items (at 880 items/min)
2023-09-04 20:21:08 [scrapy.extensions.logstats] INFO: Crawled 370 pages (at 47 pages/min), scraped 7881 items (at 1034 items/min)
2023-09-04 20:22:08 [scrapy.extensions.logstats] INFO: Crawled 422 pages (at 52 pages/min), scraped 9025 items (at 1144 items/min)
2023-09-04 20:23:08 [scrapy.extensions.logstats] INFO: Crawled 470 pages (at 48 pages/min), scraped 10041 items (at 1016 items/min)
2023-09-04 20:24:08 [scrapy.extensions.logstats] INFO: Crawled 518 pages (at 48 pages/min), scraped 11097 items (at 1056 items/min)
2023-09-04 20:25:08 [scrapy.extensions.logstats] INFO: Crawled 568 pages (at 50 pages/min), scraped 12197 items (at 1100 items/min)
2023-09-04 20:26:08 [scrapy.extensions.logstats] INFO: Crawled 617 pages (at 49 pages/min), scraped 13275 items (at 1078 items/min)
2023-09-04 20:27:08 [scrapy.extensions.logstats] INFO: Crawled 666 pages (at 49 pages/min), scraped 14326 items (at 1051 items/min)
2023-09-04 20:28:08 [scrapy.extensions.logstats] INFO: Crawled 716 pages (at 50 pages/min), scraped 15426 items (at 1100 items/min)
2023-09-04 20:29:08 [scrapy.extensions.logstats] INFO: Crawled 766 pages (at 50 pages/min), scraped 16518 items (at 1092 items/min)
2023-09-04 20:30:08 [scrapy.extensions.logstats] INFO: Crawled 812 pages (at 46 pages/min), scraped 17498 items (at 980 items/min)
2023-09-04 20:31:08 [scrapy.extensions.logstats] INFO: Crawled 861 pages (at 49 pages/min), scraped 18554 items (at 1056 items/min)
2023-09-04 20:32:08 [scrapy.extensions.logstats] INFO: Crawled 910 pages (at 49 pages/min), scraped 19632 items (at 1078 items/min)
2023-09-04 20:33:08 [scrapy.extensions.logstats] INFO: Crawled 960 pages (at 50 pages/min), scraped 20732 items (at 1100 items/min)
2023-09-04 20:34:08 [scrapy.extensions.logstats] INFO: Crawled 1008 pages (at 48 pages/min), scraped 21788 items (at 1056 items/min)
2023-09-04 20:35:08 [scrapy.extensions.logstats] INFO: Crawled 1058 pages (at 50 pages/min), scraped 22888 items (at 1100 items/min)
2023-09-04 20:36:08 [scrapy.extensions.logstats] INFO: Crawled 1106 pages (at 48 pages/min), scraped 23944 items (at 1056 items/min)
2023-09-04 20:37:08 [scrapy.extensions.logstats] INFO: Crawled 1155 pages (at 49 pages/min), scraped 25022 items (at 1078 items/min)
2023-09-04 20:38:08 [scrapy.extensions.logstats] INFO: Crawled 1205 pages (at 50 pages/min), scraped 26122 items (at 1100 items/min)
2023-09-04 20:39:08 [scrapy.extensions.logstats] INFO: Crawled 1257 pages (at 52 pages/min), scraped 27266 items (at 1144 items/min)
2023-09-04 20:40:08 [scrapy.extensions.logstats] INFO: Crawled 1305 pages (at 48 pages/min), scraped 28322 items (at 1056 items/min)
2023-09-04 20:41:08 [scrapy.extensions.logstats] INFO: Crawled 1353 pages (at 48 pages/min), scraped 29378 items (at 1056 items/min)
2023-09-04 20:42:08 [scrapy.extensions.logstats] INFO: Crawled 1401 pages (at 48 pages/min), scraped 30434 items (at 1056 items/min)
2023-09-04 20:43:08 [scrapy.extensions.logstats] INFO: Crawled 1449 pages (at 48 pages/min), scraped 31490 items (at 1056 items/min)
2023-09-04 20:44:08 [scrapy.extensions.logstats] INFO: Crawled 1498 pages (at 49 pages/min), scraped 32568 items (at 1078 items/min)
2023-09-04 20:45:08 [scrapy.extensions.logstats] INFO: Crawled 1549 pages (at 51 pages/min), scraped 33690 items (at 1122 items/min)
2023-09-04 20:46:08 [scrapy.extensions.logstats] INFO: Crawled 1598 pages (at 49 pages/min), scraped 34768 items (at 1078 items/min)
2023-09-04 20:47:08 [scrapy.extensions.logstats] INFO: Crawled 1647 pages (at 49 pages/min), scraped 35846 items (at 1078 items/min)
2023-09-04 20:48:08 [scrapy.extensions.logstats] INFO: Crawled 1696 pages (at 49 pages/min), scraped 36924 items (at 1078 items/min)
2023-09-04 20:49:08 [scrapy.extensions.logstats] INFO: Crawled 1744 pages (at 48 pages/min), scraped 37980 items (at 1056 items/min)
2023-09-04 20:50:08 [scrapy.extensions.logstats] INFO: Crawled 1794 pages (at 50 pages/min), scraped 39080 items (at 1100 items/min)
2023-09-04 20:51:08 [scrapy.extensions.logstats] INFO: Crawled 1842 pages (at 48 pages/min), scraped 40136 items (at 1056 items/min)
2023-09-04 20:52:08 [scrapy.extensions.logstats] INFO: Crawled 1893 pages (at 51 pages/min), scraped 41236 items (at 1100 items/min)
2023-09-04 20:53:08 [scrapy.extensions.logstats] INFO: Crawled 1939 pages (at 46 pages/min), scraped 42270 items (at 1034 items/min)
2023-09-04 20:54:08 [scrapy.extensions.logstats] INFO: Crawled 1987 pages (at 48 pages/min), scraped 43326 items (at 1056 items/min)
2023-09-04 20:55:08 [scrapy.extensions.logstats] INFO: Crawled 2040 pages (at 53 pages/min), scraped 44492 items (at 1166 items/min)
2023-09-04 20:56:08 [scrapy.extensions.logstats] INFO: Crawled 2088 pages (at 48 pages/min), scraped 45548 items (at 1056 items/min)
2023-09-04 20:57:08 [scrapy.extensions.logstats] INFO: Crawled 2137 pages (at 49 pages/min), scraped 46625 items (at 1077 items/min)
2023-09-04 20:58:08 [scrapy.extensions.logstats] INFO: Crawled 2185 pages (at 48 pages/min), scraped 47659 items (at 1034 items/min)
2023-09-04 20:59:08 [scrapy.extensions.logstats] INFO: Crawled 2232 pages (at 47 pages/min), scraped 48684 items (at 1025 items/min)
2023-09-04 21:00:08 [scrapy.extensions.logstats] INFO: Crawled 2279 pages (at 47 pages/min), scraped 49718 items (at 1034 items/min)
2023-09-04 21:01:08 [scrapy.extensions.logstats] INFO: Crawled 2330 pages (at 51 pages/min), scraped 50840 items (at 1122 items/min)
2023-09-04 21:02:08 [scrapy.extensions.logstats] INFO: Crawled 2382 pages (at 52 pages/min), scraped 51953 items (at 1113 items/min)
2023-09-04 21:03:08 [scrapy.extensions.logstats] INFO: Crawled 2431 pages (at 49 pages/min), scraped 53031 items (at 1078 items/min)
2023-09-04 21:04:08 [scrapy.extensions.logstats] INFO: Crawled 2481 pages (at 50 pages/min), scraped 54131 items (at 1100 items/min)
2023-09-04 21:05:08 [scrapy.extensions.logstats] INFO: Crawled 2530 pages (at 49 pages/min), scraped 55209 items (at 1078 items/min)
2023-09-04 21:06:08 [scrapy.extensions.logstats] INFO: Crawled 2577 pages (at 47 pages/min), scraped 56243 items (at 1034 items/min)
2023-09-04 21:07:08 [scrapy.extensions.logstats] INFO: Crawled 2626 pages (at 49 pages/min), scraped 57321 items (at 1078 items/min)
2023-09-04 21:08:08 [scrapy.extensions.logstats] INFO: Crawled 2673 pages (at 47 pages/min), scraped 58355 items (at 1034 items/min)
2023-09-04 21:09:08 [scrapy.extensions.logstats] INFO: Crawled 2699 pages (at 26 pages/min), scraped 58927 items (at 572 items/min)
2023-09-04 21:10:08 [scrapy.extensions.logstats] INFO: Crawled 2752 pages (at 53 pages/min), scraped 60093 items (at 1166 items/min)
2023-09-04 21:11:08 [scrapy.extensions.logstats] INFO: Crawled 2801 pages (at 49 pages/min), scraped 61171 items (at 1078 items/min)
2023-09-04 21:12:08 [scrapy.extensions.logstats] INFO: Crawled 2851 pages (at 50 pages/min), scraped 62271 items (at 1100 items/min)
2023-09-04 21:13:08 [scrapy.extensions.logstats] INFO: Crawled 2900 pages (at 49 pages/min), scraped 63349 items (at 1078 items/min)
2023-09-04 21:14:08 [scrapy.extensions.logstats] INFO: Crawled 2947 pages (at 47 pages/min), scraped 64383 items (at 1034 items/min)
2023-09-04 21:15:08 [scrapy.extensions.logstats] INFO: Crawled 2998 pages (at 51 pages/min), scraped 65483 items (at 1100 items/min)
2023-09-04 21:16:08 [scrapy.extensions.logstats] INFO: Crawled 3045 pages (at 47 pages/min), scraped 66539 items (at 1056 items/min)
2023-09-04 21:17:08 [scrapy.extensions.logstats] INFO: Crawled 3094 pages (at 49 pages/min), scraped 67617 items (at 1078 items/min)
2023-09-04 21:18:08 [scrapy.extensions.logstats] INFO: Crawled 3144 pages (at 50 pages/min), scraped 68717 items (at 1100 items/min)
2023-09-04 21:19:08 [scrapy.extensions.logstats] INFO: Crawled 3192 pages (at 48 pages/min), scraped 69751 items (at 1034 items/min)
2023-09-04 21:20:08 [scrapy.extensions.logstats] INFO: Crawled 3241 pages (at 49 pages/min), scraped 70851 items (at 1100 items/min)
2023-09-04 21:21:08 [scrapy.extensions.logstats] INFO: Crawled 3292 pages (at 51 pages/min), scraped 71973 items (at 1122 items/min)
2023-09-04 21:22:08 [scrapy.extensions.logstats] INFO: Crawled 3340 pages (at 48 pages/min), scraped 73029 items (at 1056 items/min)
2023-09-04 21:23:08 [scrapy.extensions.logstats] INFO: Crawled 3389 pages (at 49 pages/min), scraped 74075 items (at 1046 items/min)
2023-09-04 21:24:08 [scrapy.extensions.logstats] INFO: Crawled 3437 pages (at 48 pages/min), scraped 75131 items (at 1056 items/min)
2023-09-04 21:25:08 [scrapy.extensions.logstats] INFO: Crawled 3485 pages (at 48 pages/min), scraped 76148 items (at 1017 items/min)
2023-09-04 21:26:08 [scrapy.extensions.logstats] INFO: Crawled 3535 pages (at 50 pages/min), scraped 77248 items (at 1100 items/min)
2023-09-04 21:27:08 [scrapy.extensions.logstats] INFO: Crawled 3586 pages (at 51 pages/min), scraped 78370 items (at 1122 items/min)
2023-09-04 21:28:08 [scrapy.extensions.logstats] INFO: Crawled 3636 pages (at 50 pages/min), scraped 79470 items (at 1100 items/min)
2023-09-04 21:29:08 [scrapy.extensions.logstats] INFO: Crawled 3683 pages (at 47 pages/min), scraped 80504 items (at 1034 items/min)
2023-09-04 21:30:08 [scrapy.extensions.logstats] INFO: Crawled 3733 pages (at 50 pages/min), scraped 81604 items (at 1100 items/min)
2023-09-04 21:31:08 [scrapy.extensions.logstats] INFO: Crawled 3783 pages (at 50 pages/min), scraped 82704 items (at 1100 items/min)
2023-09-04 21:32:08 [scrapy.extensions.logstats] INFO: Crawled 3831 pages (at 48 pages/min), scraped 83760 items (at 1056 items/min)
2023-09-04 21:33:08 [scrapy.extensions.logstats] INFO: Crawled 3884 pages (at 53 pages/min), scraped 84926 items (at 1166 items/min)
2023-09-04 21:34:08 [scrapy.extensions.logstats] INFO: Crawled 3931 pages (at 47 pages/min), scraped 85960 items (at 1034 items/min)
2023-09-04 21:35:08 [scrapy.extensions.logstats] INFO: Crawled 3982 pages (at 51 pages/min), scraped 87082 items (at 1122 items/min)
2023-09-04 21:36:08 [scrapy.extensions.logstats] INFO: Crawled 4032 pages (at 50 pages/min), scraped 88160 items (at 1078 items/min)
2023-09-04 21:37:08 [scrapy.extensions.logstats] INFO: Crawled 4080 pages (at 48 pages/min), scraped 89238 items (at 1078 items/min)
2023-09-04 21:38:08 [scrapy.extensions.logstats] INFO: Crawled 4127 pages (at 47 pages/min), scraped 90272 items (at 1034 items/min)
2023-09-04 21:39:08 [scrapy.extensions.logstats] INFO: Crawled 4176 pages (at 49 pages/min), scraped 91350 items (at 1078 items/min)
2023-09-04 21:40:08 [scrapy.extensions.logstats] INFO: Crawled 4224 pages (at 48 pages/min), scraped 92406 items (at 1056 items/min)
2023-09-04 21:41:08 [scrapy.extensions.logstats] INFO: Crawled 4272 pages (at 48 pages/min), scraped 93462 items (at 1056 items/min)
2023-09-04 21:42:08 [scrapy.extensions.logstats] INFO: Crawled 4320 pages (at 48 pages/min), scraped 94518 items (at 1056 items/min)
2023-09-04 21:43:08 [scrapy.extensions.logstats] INFO: Crawled 4369 pages (at 49 pages/min), scraped 95596 items (at 1078 items/min)
2023-09-04 21:44:08 [scrapy.extensions.logstats] INFO: Crawled 4417 pages (at 48 pages/min), scraped 96652 items (at 1056 items/min)
2023-09-04 21:45:08 [scrapy.extensions.logstats] INFO: Crawled 4469 pages (at 52 pages/min), scraped 97774 items (at 1122 items/min)
2023-09-04 21:46:08 [scrapy.extensions.logstats] INFO: Crawled 4517 pages (at 48 pages/min), scraped 98852 items (at 1078 items/min)
2023-09-04 21:47:08 [scrapy.extensions.logstats] INFO: Crawled 4567 pages (at 50 pages/min), scraped 99952 items (at 1100 items/min)
2023-09-04 21:48:08 [scrapy.extensions.logstats] INFO: Crawled 4616 pages (at 49 pages/min), scraped 101030 items (at 1078 items/min)
2023-09-04 21:49:08 [scrapy.extensions.logstats] INFO: Crawled 4665 pages (at 49 pages/min), scraped 102090 items (at 1060 items/min)
2023-09-04 21:50:08 [scrapy.extensions.logstats] INFO: Crawled 4713 pages (at 48 pages/min), scraped 103124 items (at 1034 items/min)
2023-09-04 21:51:08 [scrapy.extensions.logstats] INFO: Crawled 4763 pages (at 50 pages/min), scraped 104224 items (at 1100 items/min)
2023-09-04 21:52:08 [scrapy.extensions.logstats] INFO: Crawled 4812 pages (at 49 pages/min), scraped 105302 items (at 1078 items/min)
2023-09-04 21:53:08 [scrapy.extensions.logstats] INFO: Crawled 4860 pages (at 48 pages/min), scraped 106358 items (at 1056 items/min)
2023-09-04 21:54:08 [scrapy.extensions.logstats] INFO: Crawled 4887 pages (at 27 pages/min), scraped 106952 items (at 594 items/min)
2023-09-04 21:55:08 [scrapy.extensions.logstats] INFO: Crawled 4888 pages (at 1 pages/min), scraped 106974 items (at 22 items/min)
2023-09-04 21:56:08 [scrapy.extensions.logstats] INFO: Crawled 4919 pages (at 31 pages/min), scraped 107656 items (at 682 items/min)
2023-09-04 21:57:08 [scrapy.extensions.logstats] INFO: Crawled 4969 pages (at 50 pages/min), scraped 108723 items (at 1067 items/min)
2023-09-04 21:58:08 [scrapy.extensions.logstats] INFO: Crawled 5019 pages (at 50 pages/min), scraped 109823 items (at 1100 items/min)
2023-09-04 21:59:08 [scrapy.extensions.logstats] INFO: Crawled 5067 pages (at 48 pages/min), scraped 110879 items (at 1056 items/min)
2023-09-04 22:00:08 [scrapy.extensions.logstats] INFO: Crawled 5117 pages (at 50 pages/min), scraped 111957 items (at 1078 items/min)
2023-09-04 22:01:08 [scrapy.extensions.logstats] INFO: Crawled 5166 pages (at 49 pages/min), scraped 113035 items (at 1078 items/min)
2023-09-04 22:02:08 [scrapy.extensions.logstats] INFO: Crawled 5208 pages (at 42 pages/min), scraped 113981 items (at 946 items/min)
2023-09-04 22:03:08 [scrapy.extensions.logstats] INFO: Crawled 5250 pages (at 42 pages/min), scraped 114905 items (at 924 items/min)
2023-09-04 22:04:08 [scrapy.extensions.logstats] INFO: Crawled 5300 pages (at 50 pages/min), scraped 116005 items (at 1100 items/min)
2023-09-04 22:05:08 [scrapy.extensions.logstats] INFO: Crawled 5349 pages (at 49 pages/min), scraped 117083 items (at 1078 items/min)
2023-09-04 22:06:08 [scrapy.extensions.logstats] INFO: Crawled 5394 pages (at 45 pages/min), scraped 118073 items (at 990 items/min)
2023-09-04 22:07:08 [scrapy.extensions.logstats] INFO: Crawled 5441 pages (at 47 pages/min), scraped 119107 items (at 1034 items/min)
2023-09-04 22:08:08 [scrapy.extensions.logstats] INFO: Crawled 5490 pages (at 49 pages/min), scraped 120185 items (at 1078 items/min)
2023-09-04 22:09:08 [scrapy.extensions.logstats] INFO: Crawled 5539 pages (at 49 pages/min), scraped 121263 items (at 1078 items/min)
2023-09-04 22:10:08 [scrapy.extensions.logstats] INFO: Crawled 5589 pages (at 50 pages/min), scraped 122363 items (at 1100 items/min)
2023-09-04 22:11:08 [scrapy.extensions.logstats] INFO: Crawled 5637 pages (at 48 pages/min), scraped 123419 items (at 1056 items/min)
2023-09-04 22:12:08 [scrapy.extensions.logstats] INFO: Crawled 5687 pages (at 50 pages/min), scraped 124519 items (at 1100 items/min)
2023-09-04 22:13:08 [scrapy.extensions.logstats] INFO: Crawled 5735 pages (at 48 pages/min), scraped 125575 items (at 1056 items/min)
2023-09-04 22:14:08 [scrapy.extensions.logstats] INFO: Crawled 5785 pages (at 50 pages/min), scraped 126675 items (at 1100 items/min)
2023-09-04 22:15:08 [scrapy.extensions.logstats] INFO: Crawled 5835 pages (at 50 pages/min), scraped 127768 items (at 1093 items/min)
2023-09-04 22:16:08 [scrapy.extensions.logstats] INFO: Crawled 5884 pages (at 49 pages/min), scraped 128846 items (at 1078 items/min)
2023-09-04 22:17:08 [scrapy.extensions.logstats] INFO: Crawled 5932 pages (at 48 pages/min), scraped 129902 items (at 1056 items/min)
2023-09-04 22:18:08 [scrapy.extensions.logstats] INFO: Crawled 5981 pages (at 49 pages/min), scraped 130980 items (at 1078 items/min)
2023-09-04 22:19:08 [scrapy.extensions.logstats] INFO: Crawled 6031 pages (at 50 pages/min), scraped 132080 items (at 1100 items/min)
2023-09-04 22:20:08 [scrapy.extensions.logstats] INFO: Crawled 6081 pages (at 50 pages/min), scraped 133180 items (at 1100 items/min)
2023-09-04 22:21:08 [scrapy.extensions.logstats] INFO: Crawled 6129 pages (at 48 pages/min), scraped 134236 items (at 1056 items/min)
2023-09-04 22:22:08 [scrapy.extensions.logstats] INFO: Crawled 6177 pages (at 48 pages/min), scraped 135292 items (at 1056 items/min)
2023-09-04 22:23:08 [scrapy.extensions.logstats] INFO: Crawled 6228 pages (at 51 pages/min), scraped 136392 items (at 1100 items/min)
2023-09-04 22:24:08 [scrapy.extensions.logstats] INFO: Crawled 6275 pages (at 47 pages/min), scraped 137448 items (at 1056 items/min)
2023-09-04 22:25:08 [scrapy.extensions.logstats] INFO: Crawled 6324 pages (at 49 pages/min), scraped 138526 items (at 1078 items/min)
2023-09-04 22:26:08 [scrapy.extensions.logstats] INFO: Crawled 6373 pages (at 49 pages/min), scraped 139604 items (at 1078 items/min)
2023-09-04 22:27:08 [scrapy.extensions.logstats] INFO: Crawled 6423 pages (at 50 pages/min), scraped 140682 items (at 1078 items/min)
2023-09-04 22:28:08 [scrapy.extensions.logstats] INFO: Crawled 6471 pages (at 48 pages/min), scraped 141760 items (at 1078 items/min)
2023-09-04 22:29:08 [scrapy.extensions.logstats] INFO: Crawled 6518 pages (at 47 pages/min), scraped 142794 items (at 1034 items/min)
2023-09-04 22:30:08 [scrapy.extensions.logstats] INFO: Crawled 6563 pages (at 45 pages/min), scraped 143784 items (at 990 items/min)
2023-09-04 22:31:08 [scrapy.extensions.logstats] INFO: Crawled 6607 pages (at 44 pages/min), scraped 144752 items (at 968 items/min)
2023-09-04 22:32:08 [scrapy.extensions.logstats] INFO: Crawled 6654 pages (at 47 pages/min), scraped 145786 items (at 1034 items/min)
2023-09-04 22:33:08 [scrapy.extensions.logstats] INFO: Crawled 6704 pages (at 50 pages/min), scraped 146864 items (at 1078 items/min)
2023-09-04 22:34:08 [scrapy.extensions.logstats] INFO: Crawled 6727 pages (at 23 pages/min), scraped 147392 items (at 528 items/min)
2023-09-04 22:35:08 [scrapy.extensions.logstats] INFO: Crawled 6775 pages (at 48 pages/min), scraped 148448 items (at 1056 items/min)
2023-09-04 22:36:08 [scrapy.extensions.logstats] INFO: Crawled 6825 pages (at 50 pages/min), scraped 149526 items (at 1078 items/min)
2023-09-04 22:37:08 [scrapy.extensions.logstats] INFO: Crawled 6871 pages (at 46 pages/min), scraped 150560 items (at 1034 items/min)
2023-09-04 22:38:08 [scrapy.extensions.logstats] INFO: Crawled 6921 pages (at 50 pages/min), scraped 151660 items (at 1100 items/min)
2023-09-04 22:39:08 [scrapy.extensions.logstats] INFO: Crawled 6970 pages (at 49 pages/min), scraped 152716 items (at 1056 items/min)
2023-09-04 22:40:08 [scrapy.extensions.logstats] INFO: Crawled 7020 pages (at 50 pages/min), scraped 153838 items (at 1122 items/min)
2023-09-04 22:41:08 [scrapy.extensions.logstats] INFO: Crawled 7068 pages (at 48 pages/min), scraped 154894 items (at 1056 items/min)
2023-09-04 22:42:08 [scrapy.extensions.logstats] INFO: Crawled 7116 pages (at 48 pages/min), scraped 155950 items (at 1056 items/min)
2023-09-04 22:43:08 [scrapy.extensions.logstats] INFO: Crawled 7166 pages (at 50 pages/min), scraped 157050 items (at 1100 items/min)
2023-09-04 22:44:08 [scrapy.extensions.logstats] INFO: Crawled 7213 pages (at 47 pages/min), scraped 158084 items (at 1034 items/min)
2023-09-04 22:45:08 [scrapy.extensions.logstats] INFO: Crawled 7260 pages (at 47 pages/min), scraped 159118 items (at 1034 items/min)
2023-09-04 22:46:08 [scrapy.extensions.logstats] INFO: Crawled 7308 pages (at 48 pages/min), scraped 160174 items (at 1056 items/min)
2023-09-04 22:47:08 [scrapy.extensions.logstats] INFO: Crawled 7358 pages (at 50 pages/min), scraped 161274 items (at 1100 items/min)
2023-09-04 22:48:08 [scrapy.extensions.logstats] INFO: Crawled 7406 pages (at 48 pages/min), scraped 162330 items (at 1056 items/min)
2023-09-04 22:49:08 [scrapy.extensions.logstats] INFO: Crawled 7453 pages (at 47 pages/min), scraped 163364 items (at 1034 items/min)
2023-09-04 22:50:08 [scrapy.extensions.logstats] INFO: Crawled 7503 pages (at 50 pages/min), scraped 164442 items (at 1078 items/min)
2023-09-04 22:51:08 [scrapy.extensions.logstats] INFO: Crawled 7550 pages (at 47 pages/min), scraped 165498 items (at 1056 items/min)
2023-09-04 22:52:08 [scrapy.extensions.logstats] INFO: Crawled 7600 pages (at 50 pages/min), scraped 166576 items (at 1078 items/min)
2023-09-04 22:53:08 [scrapy.extensions.logstats] INFO: Crawled 7649 pages (at 49 pages/min), scraped 167676 items (at 1100 items/min)
2023-09-04 22:54:08 [scrapy.extensions.logstats] INFO: Crawled 7698 pages (at 49 pages/min), scraped 168754 items (at 1078 items/min)
2023-09-04 22:55:08 [scrapy.extensions.logstats] INFO: Crawled 7749 pages (at 51 pages/min), scraped 169876 items (at 1122 items/min)
2023-09-04 22:56:08 [scrapy.extensions.logstats] INFO: Crawled 7797 pages (at 48 pages/min), scraped 170932 items (at 1056 items/min)
2023-09-04 22:57:08 [scrapy.extensions.logstats] INFO: Crawled 7845 pages (at 48 pages/min), scraped 171988 items (at 1056 items/min)
2023-09-04 22:58:08 [scrapy.extensions.logstats] INFO: Crawled 7895 pages (at 50 pages/min), scraped 173066 items (at 1078 items/min)
2023-09-04 22:59:08 [scrapy.extensions.logstats] INFO: Crawled 7944 pages (at 49 pages/min), scraped 174166 items (at 1100 items/min)
2023-09-04 23:00:08 [scrapy.extensions.logstats] INFO: Crawled 7992 pages (at 48 pages/min), scraped 175222 items (at 1056 items/min)
2023-09-04 23:01:08 [scrapy.extensions.logstats] INFO: Crawled 8040 pages (at 48 pages/min), scraped 176278 items (at 1056 items/min)
2023-09-04 23:02:08 [scrapy.extensions.logstats] INFO: Crawled 8089 pages (at 49 pages/min), scraped 177356 items (at 1078 items/min)
2023-09-04 23:03:08 [scrapy.extensions.logstats] INFO: Crawled 8137 pages (at 48 pages/min), scraped 178412 items (at 1056 items/min)
2023-09-04 23:04:08 [scrapy.extensions.logstats] INFO: Crawled 8185 pages (at 48 pages/min), scraped 179468 items (at 1056 items/min)
2023-09-04 23:05:08 [scrapy.extensions.logstats] INFO: Crawled 8232 pages (at 47 pages/min), scraped 180502 items (at 1034 items/min)
2023-09-04 23:06:08 [scrapy.extensions.logstats] INFO: Crawled 8277 pages (at 45 pages/min), scraped 181492 items (at 990 items/min)
2023-09-04 23:07:08 [scrapy.extensions.logstats] INFO: Crawled 8325 pages (at 48 pages/min), scraped 182548 items (at 1056 items/min)
2023-09-04 23:08:08 [scrapy.extensions.logstats] INFO: Crawled 8373 pages (at 48 pages/min), scraped 183604 items (at 1056 items/min)
2023-09-04 23:09:08 [scrapy.extensions.logstats] INFO: Crawled 8423 pages (at 50 pages/min), scraped 184704 items (at 1100 items/min)
2023-09-04 23:10:08 [scrapy.extensions.logstats] INFO: Crawled 8468 pages (at 45 pages/min), scraped 185694 items (at 990 items/min)
2023-09-04 23:11:08 [scrapy.extensions.logstats] INFO: Crawled 8516 pages (at 48 pages/min), scraped 186750 items (at 1056 items/min)
2023-09-04 23:12:08 [scrapy.extensions.logstats] INFO: Crawled 8565 pages (at 49 pages/min), scraped 187806 items (at 1056 items/min)
2023-09-04 23:13:08 [scrapy.extensions.logstats] INFO: Crawled 8613 pages (at 48 pages/min), scraped 188884 items (at 1078 items/min)
2023-09-04 23:14:08 [scrapy.extensions.logstats] INFO: Crawled 8660 pages (at 47 pages/min), scraped 189918 items (at 1034 items/min)
2023-09-04 23:15:08 [scrapy.extensions.logstats] INFO: Crawled 8710 pages (at 50 pages/min), scraped 191018 items (at 1100 items/min)
2023-09-04 23:16:08 [scrapy.extensions.logstats] INFO: Crawled 8759 pages (at 49 pages/min), scraped 192096 items (at 1078 items/min)
2023-09-04 23:17:08 [scrapy.extensions.logstats] INFO: Crawled 8807 pages (at 48 pages/min), scraped 193152 items (at 1056 items/min)
2023-09-04 23:18:08 [scrapy.extensions.logstats] INFO: Crawled 8854 pages (at 47 pages/min), scraped 194186 items (at 1034 items/min)
2023-09-04 23:19:08 [scrapy.extensions.logstats] INFO: Crawled 8901 pages (at 47 pages/min), scraped 195220 items (at 1034 items/min)
2023-09-04 23:20:08 [scrapy.extensions.logstats] INFO: Crawled 8950 pages (at 49 pages/min), scraped 196276 items (at 1056 items/min)
2023-09-04 23:21:08 [scrapy.extensions.logstats] INFO: Crawled 8998 pages (at 48 pages/min), scraped 197354 items (at 1078 items/min)
2023-09-04 23:22:08 [scrapy.extensions.logstats] INFO: Crawled 9048 pages (at 50 pages/min), scraped 198454 items (at 1100 items/min)
2023-09-04 23:23:08 [scrapy.extensions.logstats] INFO: Crawled 9098 pages (at 50 pages/min), scraped 199554 items (at 1100 items/min)
2023-09-04 23:24:08 [scrapy.extensions.logstats] INFO: Crawled 9145 pages (at 47 pages/min), scraped 200588 items (at 1034 items/min)
2023-09-04 23:25:08 [scrapy.extensions.logstats] INFO: Crawled 9193 pages (at 48 pages/min), scraped 201644 items (at 1056 items/min)
2023-09-04 23:26:08 [scrapy.extensions.logstats] INFO: Crawled 9242 pages (at 49 pages/min), scraped 202722 items (at 1078 items/min)
2023-09-04 23:27:08 [scrapy.extensions.logstats] INFO: Crawled 9289 pages (at 47 pages/min), scraped 203756 items (at 1034 items/min)
2023-09-04 23:28:08 [scrapy.extensions.logstats] INFO: Crawled 9338 pages (at 49 pages/min), scraped 204834 items (at 1078 items/min)
2023-09-04 23:29:08 [scrapy.extensions.logstats] INFO: Crawled 9386 pages (at 48 pages/min), scraped 205890 items (at 1056 items/min)
2023-09-04 23:30:08 [scrapy.extensions.logstats] INFO: Crawled 9434 pages (at 48 pages/min), scraped 206946 items (at 1056 items/min)
2023-09-04 23:31:08 [scrapy.extensions.logstats] INFO: Crawled 9479 pages (at 45 pages/min), scraped 207936 items (at 990 items/min)
2023-09-04 23:32:08 [scrapy.extensions.logstats] INFO: Crawled 9528 pages (at 49 pages/min), scraped 209014 items (at 1078 items/min)
2023-09-04 23:33:08 [scrapy.extensions.logstats] INFO: Crawled 9578 pages (at 50 pages/min), scraped 210114 items (at 1100 items/min)
2023-09-04 23:34:08 [scrapy.extensions.logstats] INFO: Crawled 9629 pages (at 51 pages/min), scraped 211236 items (at 1122 items/min)
2023-09-04 23:35:08 [scrapy.extensions.logstats] INFO: Crawled 9678 pages (at 49 pages/min), scraped 212314 items (at 1078 items/min)
2023-09-04 23:36:08 [scrapy.extensions.logstats] INFO: Crawled 9727 pages (at 49 pages/min), scraped 213392 items (at 1078 items/min)
2023-09-04 23:37:08 [scrapy.extensions.logstats] INFO: Crawled 9778 pages (at 51 pages/min), scraped 214514 items (at 1122 items/min)
2023-09-04 23:38:08 [scrapy.extensions.logstats] INFO: Crawled 9826 pages (at 48 pages/min), scraped 215570 items (at 1056 items/min)
2023-09-04 23:39:08 [scrapy.extensions.logstats] INFO: Crawled 9876 pages (at 50 pages/min), scraped 216670 items (at 1100 items/min)
2023-09-04 23:40:08 [scrapy.extensions.logstats] INFO: Crawled 9925 pages (at 49 pages/min), scraped 217748 items (at 1078 items/min)
2023-09-04 23:41:08 [scrapy.extensions.logstats] INFO: Crawled 9974 pages (at 49 pages/min), scraped 218804 items (at 1056 items/min)
2023-09-04 23:42:08 [scrapy.extensions.logstats] INFO: Crawled 10022 pages (at 48 pages/min), scraped 219882 items (at 1078 items/min)
2023-09-04 23:43:08 [scrapy.extensions.logstats] INFO: Crawled 10069 pages (at 47 pages/min), scraped 220916 items (at 1034 items/min)
2023-09-04 23:44:08 [scrapy.extensions.logstats] INFO: Crawled 10117 pages (at 48 pages/min), scraped 221972 items (at 1056 items/min)
2023-09-04 23:45:08 [scrapy.extensions.logstats] INFO: Crawled 10164 pages (at 47 pages/min), scraped 223006 items (at 1034 items/min)
2023-09-04 23:46:08 [scrapy.extensions.logstats] INFO: Crawled 10211 pages (at 47 pages/min), scraped 224040 items (at 1034 items/min)
2023-09-04 23:47:08 [scrapy.extensions.logstats] INFO: Crawled 10260 pages (at 49 pages/min), scraped 225118 items (at 1078 items/min)
2023-09-04 23:48:08 [scrapy.extensions.logstats] INFO: Crawled 10308 pages (at 48 pages/min), scraped 226174 items (at 1056 items/min)
2023-09-04 23:49:08 [scrapy.extensions.logstats] INFO: Crawled 10359 pages (at 51 pages/min), scraped 227296 items (at 1122 items/min)
2023-09-04 23:50:08 [scrapy.extensions.logstats] INFO: Crawled 10409 pages (at 50 pages/min), scraped 228396 items (at 1100 items/min)
2023-09-04 23:51:08 [scrapy.extensions.logstats] INFO: Crawled 10459 pages (at 50 pages/min), scraped 229496 items (at 1100 items/min)
2023-09-04 23:52:08 [scrapy.extensions.logstats] INFO: Crawled 10507 pages (at 48 pages/min), scraped 230552 items (at 1056 items/min)
2023-09-04 23:53:08 [scrapy.extensions.logstats] INFO: Crawled 10557 pages (at 50 pages/min), scraped 231630 items (at 1078 items/min)
2023-09-04 23:54:08 [scrapy.extensions.logstats] INFO: Crawled 10605 pages (at 48 pages/min), scraped 232684 items (at 1054 items/min)
2023-09-04 23:55:08 [scrapy.extensions.logstats] INFO: Crawled 10651 pages (at 46 pages/min), scraped 233696 items (at 1012 items/min)
2023-09-04 23:56:08 [scrapy.extensions.logstats] INFO: Crawled 10697 pages (at 46 pages/min), scraped 234708 items (at 1012 items/min)
2023-09-04 23:57:08 [scrapy.extensions.logstats] INFO: Crawled 10744 pages (at 47 pages/min), scraped 235742 items (at 1034 items/min)
2023-09-04 23:58:08 [scrapy.extensions.logstats] INFO: Crawled 10790 pages (at 46 pages/min), scraped 236754 items (at 1012 items/min)
2023-09-04 23:59:08 [scrapy.extensions.logstats] INFO: Crawled 10838 pages (at 48 pages/min), scraped 237810 items (at 1056 items/min)
2023-09-05 00:00:08 [scrapy.extensions.logstats] INFO: Crawled 10880 pages (at 42 pages/min), scraped 238734 items (at 924 items/min)
2023-09-05 00:01:08 [scrapy.extensions.logstats] INFO: Crawled 10903 pages (at 23 pages/min), scraped 239240 items (at 506 items/min)
2023-09-05 00:02:08 [scrapy.extensions.logstats] INFO: Crawled 10940 pages (at 37 pages/min), scraped 240054 items (at 814 items/min)
2023-09-05 00:03:08 [scrapy.extensions.logstats] INFO: Crawled 10985 pages (at 45 pages/min), scraped 241044 items (at 990 items/min)
2023-09-05 00:04:08 [scrapy.extensions.logstats] INFO: Crawled 11032 pages (at 47 pages/min), scraped 242056 items (at 1012 items/min)
2023-09-05 00:05:08 [scrapy.extensions.logstats] INFO: Crawled 11077 pages (at 45 pages/min), scraped 243068 items (at 1012 items/min)
2023-09-05 00:06:08 [scrapy.extensions.logstats] INFO: Crawled 11124 pages (at 47 pages/min), scraped 244102 items (at 1034 items/min)
2023-09-05 00:07:08 [scrapy.extensions.logstats] INFO: Crawled 11170 pages (at 46 pages/min), scraped 245092 items (at 990 items/min)
2023-09-05 00:08:08 [scrapy.extensions.logstats] INFO: Crawled 11215 pages (at 45 pages/min), scraped 246104 items (at 1012 items/min)
2023-09-05 00:09:08 [scrapy.extensions.logstats] INFO: Crawled 11262 pages (at 47 pages/min), scraped 247116 items (at 1012 items/min)
2023-09-05 00:10:08 [scrapy.extensions.logstats] INFO: Crawled 11305 pages (at 43 pages/min), scraped 248084 items (at 968 items/min)
2023-09-05 00:11:08 [scrapy.extensions.logstats] INFO: Crawled 11349 pages (at 44 pages/min), scraped 249052 items (at 968 items/min)
2023-09-05 00:12:08 [scrapy.extensions.logstats] INFO: Crawled 11396 pages (at 47 pages/min), scraped 250086 items (at 1034 items/min)
2023-09-05 00:13:08 [scrapy.extensions.logstats] INFO: Crawled 11442 pages (at 46 pages/min), scraped 251098 items (at 1012 items/min)
2023-09-05 00:14:08 [scrapy.extensions.logstats] INFO: Crawled 11476 pages (at 34 pages/min), scraped 251846 items (at 748 items/min)
2023-09-05 00:15:08 [scrapy.extensions.logstats] INFO: Crawled 11519 pages (at 43 pages/min), scraped 252792 items (at 946 items/min)
2023-09-05 00:16:08 [scrapy.extensions.logstats] INFO: Crawled 11565 pages (at 46 pages/min), scraped 253804 items (at 1012 items/min)
2023-09-05 00:17:08 [scrapy.extensions.logstats] INFO: Crawled 11610 pages (at 45 pages/min), scraped 254794 items (at 990 items/min)
2023-09-05 00:18:08 [scrapy.extensions.logstats] INFO: Crawled 11654 pages (at 44 pages/min), scraped 255762 items (at 968 items/min)
2023-09-05 00:19:08 [scrapy.extensions.logstats] INFO: Crawled 11697 pages (at 43 pages/min), scraped 256708 items (at 946 items/min)
2023-09-05 00:20:08 [scrapy.extensions.logstats] INFO: Crawled 11740 pages (at 43 pages/min), scraped 257654 items (at 946 items/min)
2023-09-05 00:21:08 [scrapy.extensions.logstats] INFO: Crawled 11780 pages (at 40 pages/min), scraped 258512 items (at 858 items/min)
2023-09-05 00:22:08 [scrapy.extensions.logstats] INFO: Crawled 11821 pages (at 41 pages/min), scraped 259414 items (at 902 items/min)
2023-09-05 00:23:08 [scrapy.extensions.logstats] INFO: Crawled 11865 pages (at 44 pages/min), scraped 260404 items (at 990 items/min)
2023-09-05 00:24:08 [scrapy.extensions.logstats] INFO: Crawled 11909 pages (at 44 pages/min), scraped 261372 items (at 968 items/min)
2023-09-05 00:25:08 [scrapy.extensions.logstats] INFO: Crawled 11955 pages (at 46 pages/min), scraped 262384 items (at 1012 items/min)
2023-09-05 00:26:08 [scrapy.extensions.logstats] INFO: Crawled 12000 pages (at 45 pages/min), scraped 263374 items (at 990 items/min)
2023-09-05 00:27:08 [scrapy.extensions.logstats] INFO: Crawled 12045 pages (at 45 pages/min), scraped 264342 items (at 968 items/min)
2023-09-05 00:28:08 [scrapy.extensions.logstats] INFO: Crawled 12091 pages (at 46 pages/min), scraped 265376 items (at 1034 items/min)
2023-09-05 00:29:08 [scrapy.extensions.logstats] INFO: Crawled 12136 pages (at 45 pages/min), scraped 266366 items (at 990 items/min)
2023-09-05 00:30:08 [scrapy.extensions.logstats] INFO: Crawled 12180 pages (at 44 pages/min), scraped 267334 items (at 968 items/min)
2023-09-05 00:31:08 [scrapy.extensions.logstats] INFO: Crawled 12217 pages (at 37 pages/min), scraped 268148 items (at 814 items/min)
2023-09-05 00:32:08 [scrapy.extensions.logstats] INFO: Crawled 12262 pages (at 45 pages/min), scraped 269116 items (at 968 items/min)
2023-09-05 00:33:08 [scrapy.extensions.logstats] INFO: Crawled 12305 pages (at 43 pages/min), scraped 270084 items (at 968 items/min)
2023-09-05 00:34:08 [scrapy.extensions.logstats] INFO: Crawled 12347 pages (at 42 pages/min), scraped 271008 items (at 924 items/min)
2023-09-05 00:35:08 [scrapy.extensions.logstats] INFO: Crawled 12389 pages (at 42 pages/min), scraped 271932 items (at 924 items/min)
2023-09-05 00:36:08 [scrapy.extensions.logstats] INFO: Crawled 12430 pages (at 41 pages/min), scraped 272834 items (at 902 items/min)
2023-09-05 00:37:08 [scrapy.extensions.logstats] INFO: Crawled 12471 pages (at 41 pages/min), scraped 273736 items (at 902 items/min)
2023-09-05 00:38:08 [scrapy.extensions.logstats] INFO: Crawled 12513 pages (at 42 pages/min), scraped 274660 items (at 924 items/min)
2023-09-05 00:39:08 [scrapy.extensions.logstats] INFO: Crawled 12557 pages (at 44 pages/min), scraped 275606 items (at 946 items/min)
2023-09-05 00:40:08 [scrapy.extensions.logstats] INFO: Crawled 12597 pages (at 40 pages/min), scraped 276508 items (at 902 items/min)
2023-09-05 00:41:08 [scrapy.extensions.logstats] INFO: Crawled 12638 pages (at 41 pages/min), scraped 277410 items (at 902 items/min)
2023-09-05 00:42:08 [scrapy.extensions.logstats] INFO: Crawled 12678 pages (at 40 pages/min), scraped 278290 items (at 880 items/min)
2023-09-05 00:43:08 [scrapy.extensions.logstats] INFO: Crawled 12720 pages (at 42 pages/min), scraped 279214 items (at 924 items/min)
2023-09-05 00:44:08 [scrapy.extensions.logstats] INFO: Crawled 12761 pages (at 41 pages/min), scraped 280116 items (at 902 items/min)
2023-09-05 00:45:08 [scrapy.extensions.logstats] INFO: Crawled 12800 pages (at 39 pages/min), scraped 280974 items (at 858 items/min)
2023-09-05 00:46:08 [scrapy.extensions.logstats] INFO: Crawled 12838 pages (at 38 pages/min), scraped 281810 items (at 836 items/min)
2023-09-05 00:47:08 [scrapy.extensions.logstats] INFO: Crawled 12879 pages (at 41 pages/min), scraped 282712 items (at 902 items/min)
2023-09-05 00:48:08 [scrapy.extensions.logstats] INFO: Crawled 12920 pages (at 41 pages/min), scraped 283614 items (at 902 items/min)
2023-09-05 00:49:08 [scrapy.extensions.logstats] INFO: Crawled 12960 pages (at 40 pages/min), scraped 284494 items (at 880 items/min)
2023-09-05 00:50:08 [scrapy.extensions.logstats] INFO: Crawled 13002 pages (at 42 pages/min), scraped 285418 items (at 924 items/min)
2023-09-05 00:51:08 [scrapy.extensions.logstats] INFO: Crawled 13039 pages (at 37 pages/min), scraped 286232 items (at 814 items/min)
2023-09-05 00:52:08 [scrapy.extensions.logstats] INFO: Crawled 13077 pages (at 38 pages/min), scraped 287068 items (at 836 items/min)
2023-09-05 00:53:08 [scrapy.extensions.logstats] INFO: Crawled 13111 pages (at 34 pages/min), scraped 287816 items (at 748 items/min)
2023-09-05 00:54:08 [scrapy.extensions.logstats] INFO: Crawled 13144 pages (at 33 pages/min), scraped 288542 items (at 726 items/min)
2023-09-05 00:55:08 [scrapy.extensions.logstats] INFO: Crawled 13178 pages (at 34 pages/min), scraped 289290 items (at 748 items/min)
2023-09-05 00:56:08 [scrapy.extensions.logstats] INFO: Crawled 13215 pages (at 37 pages/min), scraped 290104 items (at 814 items/min)
2023-09-05 00:57:08 [scrapy.extensions.logstats] INFO: Crawled 13252 pages (at 37 pages/min), scraped 290918 items (at 814 items/min)
2023-09-05 00:58:08 [scrapy.extensions.logstats] INFO: Crawled 13291 pages (at 39 pages/min), scraped 291754 items (at 836 items/min)
2023-09-05 00:59:08 [scrapy.extensions.logstats] INFO: Crawled 13319 pages (at 28 pages/min), scraped 292392 items (at 638 items/min)
2023-09-05 01:00:08 [scrapy.extensions.logstats] INFO: Crawled 13332 pages (at 13 pages/min), scraped 292678 items (at 286 items/min)
2023-09-05 01:01:08 [scrapy.extensions.logstats] INFO: Crawled 13356 pages (at 24 pages/min), scraped 293206 items (at 528 items/min)
2023-09-05 01:02:08 [scrapy.extensions.logstats] INFO: Crawled 13390 pages (at 34 pages/min), scraped 293954 items (at 748 items/min)
2023-09-05 01:03:08 [scrapy.extensions.logstats] INFO: Crawled 13429 pages (at 39 pages/min), scraped 294812 items (at 858 items/min)
2023-09-05 01:04:08 [scrapy.extensions.logstats] INFO: Crawled 13466 pages (at 37 pages/min), scraped 295626 items (at 814 items/min)
2023-09-05 01:05:08 [scrapy.extensions.logstats] INFO: Crawled 13503 pages (at 37 pages/min), scraped 296440 items (at 814 items/min)
2023-09-05 01:06:08 [scrapy.extensions.logstats] INFO: Crawled 13538 pages (at 35 pages/min), scraped 297210 items (at 770 items/min)
2023-09-05 01:07:08 [scrapy.extensions.logstats] INFO: Crawled 13577 pages (at 39 pages/min), scraped 298046 items (at 836 items/min)
2023-09-05 01:08:08 [scrapy.extensions.logstats] INFO: Crawled 13615 pages (at 38 pages/min), scraped 298904 items (at 858 items/min)
2023-09-05 01:09:08 [scrapy.extensions.logstats] INFO: Crawled 13654 pages (at 39 pages/min), scraped 299762 items (at 858 items/min)
2023-09-05 01:09:56 [scrapy.core.engine] INFO: Closing spider (finished)
2023-09-05 01:09:56 [scrapy.extensions.feedexport] INFO: Stored json feed (300378 items) in: myhomege3.json
2023-09-05 01:09:56 [scrapy.statscollectors] INFO: Dumping Scrapy stats:
{'downloader/request_bytes': 5528372,
 'downloader/request_count': 13688,
 'downloader/request_method_count/GET': 13688,
 'downloader/response_bytes': 407032434,
 'downloader/response_count': 13688,
 'downloader/response_status_count/200': 13683,
 'downloader/response_status_count/504': 5,
 'elapsed_time_seconds': 17928.389801,
 'feedexport/success_count/FileFeedStorage': 1,
 'finish_reason': 'finished',
 'finish_time': datetime.datetime(2023, 9, 4, 21, 9, 56, 687921),
 'httpcompression/response_bytes': 3331317960,
 'httpcompression/response_count': 13683,
 'item_scraped_count': 300378,
 'log_count/INFO': 309,
 'request_depth_max': 6762,
 'response_received_count': 13683,
 'retry/count': 5,
 'retry/reason_count/504 Gateway Time-out': 5,
 'robotstxt/request_count': 1,
 'robotstxt/response_count': 1,
 'robotstxt/response_status_count/200': 1,
 'scheduler/dequeued': 13687,
 'scheduler/dequeued/memory': 13687,
 'scheduler/enqueued': 13687,
 'scheduler/enqueued/memory': 13687,
 'start_time': datetime.datetime(2023, 9, 4, 16, 11, 8, 298120)}
2023-09-05 01:09:56 [scrapy.core.engine] INFO: Spider closed (finished)
